<?xml version="1.0" encoding="UTF-8"?>
<testsuite name="com.junit.MoodAnalyserTests" tests="1" skipped="0" failures="0" errors="0" timestamp="2019-11-26T09:32:57" hostname="FH400" time="0.004">
  <properties/>
  <testcase name="givenMoodAnalyserClass_whenImproperName_classNotFoundException" classname="com.junit.MoodAnalyserTests" time="0.004"/>
  <system-out><![CDATA[givenMoodAnalyserClass_whenImproperName_classNotFoundException
]]></system-out>
  <system-err><![CDATA[]]></system-err>
</testsuite>
