<?xml version="1.0" encoding="UTF-8"?>
<testsuite name="com.junit.MoodAnalyserTests" tests="1" skipped="0" failures="0" errors="0" timestamp="2019-11-26T12:22:12" hostname="FH400" time="0.008">
  <properties/>
  <testcase name="givenMoodAnalyserClass_whenImproperMethodName_MethodNotFoundException_WithParameter" classname="com.junit.MoodAnalyserTests" time="0.008"/>
  <system-out><![CDATA[givenMoodAnalyserClass_whenImproperMethodName_MethodNotFoundException_WithParameter
]]></system-out>
  <system-err><![CDATA[]]></system-err>
</testsuite>
