<?xml version="1.0" encoding="UTF-8"?>
<testsuite name="com.junit.MoodAnalyserTests" tests="1" skipped="0" failures="0" errors="0" timestamp="2019-11-27T08:06:32" hostname="FH400" time="0.005">
  <properties/>
  <testcase name="givenMoodAnalyzer_OnChangeMood_Should_Return_Happy" classname="com.junit.MoodAnalyserTests" time="0.005"/>
  <system-out><![CDATA[]]></system-out>
  <system-err><![CDATA[]]></system-err>
</testsuite>
