<?xml version="1.0" encoding="UTF-8"?>
<testsuite name="com.junit.MoodAnalyserTests" tests="1" skipped="0" failures="0" errors="0" timestamp="2019-11-26T04:50:13" hostname="FH400" time="0.006">
  <properties/>
  <testcase name="givenMsg_shouldReturnSad_whenItsSad" classname="com.junit.MoodAnalyserTests" time="0.006"/>
  <system-out><![CDATA[]]></system-out>
  <system-err><![CDATA[]]></system-err>
</testsuite>
